[17:48:03] [Server thread/INFO]: Starting minecraft server version 1.8.8
[17:48:03] [Server thread/INFO]: Loading properties
[17:48:03] [Server thread/INFO]: Default game type: SURVIVAL
[17:48:03] [Server thread/INFO]: This server is running CraftBukkit version git-Spigot-21fe707-741a1bd (MC: 1.8.8) (Implementing API version 1.8.8-R0.1-SNAPSHOT)
[17:48:03] [Server thread/INFO]: Debug logging is disabled
[17:48:03] [Server thread/INFO]: Server Ping Player Sample Count: 12

[17:48:03] [Server thread/INFO]: Using 4 threads for Netty based IO
[17:48:03] [Server thread/INFO]: Generating keypair
[17:48:03] [Server thread/INFO]: Starting Minecraft server on *:25565
[17:48:03] [Server thread/INFO]: Using default channel type
[17:48:03] [Server thread/INFO]: Your platform does not provide complete low-level API for accessing direct buffers reliably. Unless explicitly requested, heap buffer will always be preferred to avoid potential system unstability.
[17:48:03] [Server thread/INFO]: Set PluginClassLoader as parallel capable
[17:48:03] [Server thread/INFO]: [TowerWars] Loading TowerWars v0.0.1
[17:48:03] [Server thread/INFO]: **** Beginning UUID conversion, this may take A LONG time ****
[17:48:03] [Server thread/INFO]: Preparing level "world"
[17:48:03] [Server thread/INFO]: -------- World Settings For [world] --------
[17:48:03] [Server thread/INFO]: Arrow Despawn Rate: 1200
[17:48:03] [Server thread/INFO]: Allow Zombie Pigmen to spawn from portal blocks: true
[17:48:03] [Server thread/INFO]: View Distance: 10
[17:48:03] [Server thread/INFO]: Chunks to Grow per Tick: 650
[17:48:03] [Server thread/INFO]: Clear tick list: false
[17:48:03] [Server thread/INFO]: Experience Merge Radius: 3.0
[17:48:03] [Server thread/INFO]: Zombie Aggressive Towards Villager: true
[17:48:03] [Server thread/INFO]: Max TNT Explosions: 100
[17:48:03] [Server thread/INFO]: Tile Max Tick Time: 50ms Entity max Tick Time: 50ms
[17:48:03] [Server thread/INFO]: Anti X-Ray: true
[17:48:03] [Server thread/INFO]: 	Engine Mode: 1
[17:48:03] [Server thread/INFO]: 	Hidden Blocks: [14, 15, 16, 21, 48, 49, 54, 56, 73, 74, 82, 129, 130]
[17:48:03] [Server thread/INFO]: 	Replace Blocks: [1, 5]
[17:48:03] [Server thread/INFO]: Nerfing mobs spawned from spawners: false
[17:48:03] [Server thread/INFO]: Mob Spawn Range: 4
[17:48:03] [Server thread/INFO]: Cactus Growth Modifier: 100%
[17:48:03] [Server thread/INFO]: Cane Growth Modifier: 100%
[17:48:03] [Server thread/INFO]: Melon Growth Modifier: 100%
[17:48:03] [Server thread/INFO]: Mushroom Growth Modifier: 100%
[17:48:03] [Server thread/INFO]: Pumpkin Growth Modifier: 100%
[17:48:03] [Server thread/INFO]: Sapling Growth Modifier: 100%
[17:48:03] [Server thread/INFO]: Wheat Growth Modifier: 100%
[17:48:03] [Server thread/INFO]: NetherWart Growth Modifier: 100%
[17:48:03] [Server thread/INFO]: Random Lighting Updates: false
[17:48:03] [Server thread/INFO]: Hopper Transfer: 8 Hopper Check: 8 Hopper Amount: 1
[17:48:03] [Server thread/INFO]: Entity Activation Range: An 32 / Mo 32 / Mi 16
[17:48:03] [Server thread/INFO]: Entity Tracking Range: Pl 48 / An 48 / Mo 48 / Mi 32 / Other 64
[17:48:03] [Server thread/INFO]: Structure Info Saving: true
[17:48:03] [Server thread/INFO]: Sending up to 10 chunks per packet
[17:48:03] [Server thread/INFO]: Custom Map Seeds:  Village: 10387312 Feature: 14357617
[17:48:03] [Server thread/INFO]: Max Entity Collisions: 8
[17:48:03] [Server thread/INFO]: Item Despawn Rate: 6000
[17:48:03] [Server thread/INFO]: Item Merge Radius: 2.5
[17:48:03] [Server thread/INFO]: -------- World Settings For [world_nether] --------
[17:48:03] [Server thread/INFO]: Arrow Despawn Rate: 1200
[17:48:03] [Server thread/INFO]: Allow Zombie Pigmen to spawn from portal blocks: true
[17:48:03] [Server thread/INFO]: View Distance: 10
[17:48:03] [Server thread/INFO]: Chunks to Grow per Tick: 650
[17:48:03] [Server thread/INFO]: Clear tick list: false
[17:48:03] [Server thread/INFO]: Experience Merge Radius: 3.0
[17:48:03] [Server thread/INFO]: Zombie Aggressive Towards Villager: true
[17:48:03] [Server thread/INFO]: Max TNT Explosions: 100
[17:48:03] [Server thread/INFO]: Tile Max Tick Time: 50ms Entity max Tick Time: 50ms
[17:48:03] [Server thread/INFO]: Anti X-Ray: true
[17:48:03] [Server thread/INFO]: 	Engine Mode: 1
[17:48:03] [Server thread/INFO]: 	Hidden Blocks: [14, 15, 16, 21, 48, 49, 54, 56, 73, 74, 82, 129, 130]
[17:48:03] [Server thread/INFO]: 	Replace Blocks: [1, 5]
[17:48:03] [Server thread/INFO]: Nerfing mobs spawned from spawners: false
[17:48:03] [Server thread/INFO]: Mob Spawn Range: 4
[17:48:03] [Server thread/INFO]: Cactus Growth Modifier: 100%
[17:48:03] [Server thread/INFO]: Cane Growth Modifier: 100%
[17:48:03] [Server thread/INFO]: Melon Growth Modifier: 100%
[17:48:03] [Server thread/INFO]: Mushroom Growth Modifier: 100%
[17:48:03] [Server thread/INFO]: Pumpkin Growth Modifier: 100%
[17:48:03] [Server thread/INFO]: Sapling Growth Modifier: 100%
[17:48:03] [Server thread/INFO]: Wheat Growth Modifier: 100%
[17:48:03] [Server thread/INFO]: NetherWart Growth Modifier: 100%
[17:48:03] [Server thread/INFO]: Random Lighting Updates: false
[17:48:03] [Server thread/INFO]: Hopper Transfer: 8 Hopper Check: 8 Hopper Amount: 1
[17:48:03] [Server thread/INFO]: Entity Activation Range: An 32 / Mo 32 / Mi 16
[17:48:03] [Server thread/INFO]: Entity Tracking Range: Pl 48 / An 48 / Mo 48 / Mi 32 / Other 64
[17:48:03] [Server thread/INFO]: Structure Info Saving: true
[17:48:03] [Server thread/INFO]: Sending up to 10 chunks per packet
[17:48:03] [Server thread/INFO]: Custom Map Seeds:  Village: 10387312 Feature: 14357617
[17:48:03] [Server thread/INFO]: Max Entity Collisions: 8
[17:48:03] [Server thread/INFO]: Item Despawn Rate: 6000
[17:48:03] [Server thread/INFO]: Item Merge Radius: 2.5
[17:48:03] [Server thread/INFO]: -------- World Settings For [world_the_end] --------
[17:48:03] [Server thread/INFO]: Arrow Despawn Rate: 1200
[17:48:03] [Server thread/INFO]: Allow Zombie Pigmen to spawn from portal blocks: true
[17:48:03] [Server thread/INFO]: View Distance: 10
[17:48:03] [Server thread/INFO]: Chunks to Grow per Tick: 650
[17:48:03] [Server thread/INFO]: Clear tick list: false
[17:48:03] [Server thread/INFO]: Experience Merge Radius: 3.0
[17:48:03] [Server thread/INFO]: Zombie Aggressive Towards Villager: true
[17:48:03] [Server thread/INFO]: Max TNT Explosions: 100
[17:48:03] [Server thread/INFO]: Tile Max Tick Time: 50ms Entity max Tick Time: 50ms
[17:48:03] [Server thread/INFO]: Anti X-Ray: true
[17:48:03] [Server thread/INFO]: 	Engine Mode: 1
[17:48:03] [Server thread/INFO]: 	Hidden Blocks: [14, 15, 16, 21, 48, 49, 54, 56, 73, 74, 82, 129, 130]
[17:48:03] [Server thread/INFO]: 	Replace Blocks: [1, 5]
[17:48:03] [Server thread/INFO]: Nerfing mobs spawned from spawners: false
[17:48:03] [Server thread/INFO]: Mob Spawn Range: 4
[17:48:03] [Server thread/INFO]: Cactus Growth Modifier: 100%
[17:48:03] [Server thread/INFO]: Cane Growth Modifier: 100%
[17:48:03] [Server thread/INFO]: Melon Growth Modifier: 100%
[17:48:03] [Server thread/INFO]: Mushroom Growth Modifier: 100%
[17:48:03] [Server thread/INFO]: Pumpkin Growth Modifier: 100%
[17:48:03] [Server thread/INFO]: Sapling Growth Modifier: 100%
[17:48:03] [Server thread/INFO]: Wheat Growth Modifier: 100%
[17:48:03] [Server thread/INFO]: NetherWart Growth Modifier: 100%
[17:48:03] [Server thread/INFO]: Random Lighting Updates: false
[17:48:03] [Server thread/INFO]: Hopper Transfer: 8 Hopper Check: 8 Hopper Amount: 1
[17:48:03] [Server thread/INFO]: Entity Activation Range: An 32 / Mo 32 / Mi 16
[17:48:03] [Server thread/INFO]: Entity Tracking Range: Pl 48 / An 48 / Mo 48 / Mi 32 / Other 64
[17:48:03] [Server thread/INFO]: Structure Info Saving: true
[17:48:03] [Server thread/INFO]: Sending up to 10 chunks per packet
[17:48:03] [Server thread/INFO]: Custom Map Seeds:  Village: 10387312 Feature: 14357617
[17:48:03] [Server thread/INFO]: Max Entity Collisions: 8
[17:48:03] [Server thread/INFO]: Item Despawn Rate: 6000
[17:48:03] [Server thread/INFO]: Item Merge Radius: 2.5
[17:48:03] [Server thread/INFO]: Preparing start region for level 0 (Seed: -7474504761111507335)
[17:48:04] [Server thread/INFO]: Preparing start region for level 1 (Seed: -7474504761111507335)
[17:48:04] [Server thread/INFO]: Preparing start region for level 2 (Seed: -7474504761111507335)
[17:48:04] [Server thread/INFO]: [TowerWars] Enabling TowerWars v0.0.1
[17:48:04] [Server thread/INFO]: [0;32;1m[TowerWars] Plugin is now enabled[m

[17:48:04] [Server thread/INFO]: Server permissions file permissions.yml is empty, ignoring it
[17:48:04] [Server thread/INFO]: Done (0.985s)! For help, type "help" or "?"
[17:48:07] [Server thread/INFO]: Stopping the server
[17:48:07] [Server thread/INFO]: Stopping server
[17:48:07] [Server thread/INFO]: [TowerWars] Disabling TowerWars v0.0.1
[17:48:07] [Server thread/INFO]: [0;31;1m[TowerWars] Plugin is now disabled[m

[17:48:07] [Server thread/INFO]: Saving players
[17:48:07] [Server thread/INFO]: Saving worlds
[17:48:07] [Server thread/INFO]: Saving chunks for level 'world'/Overworld
[17:48:07] [Server thread/INFO]: Saving chunks for level 'world_nether'/Nether
[17:48:08] [Server thread/INFO]: Saving chunks for level 'world_the_end'/The End
